<?xml version="1.0" encoding="UTF-8"?>
<!-- Generated by org.testng.reporters.JUnitReportReporter -->
<testsuite hostname="LAPTOP-8DF852S1" failures="0" tests="5" name="com.flipkart.FilterDesktops" time="24.569" errors="0" timestamp="9 Mar 2024 06:37:02 GMT">
  <testcase classname="com.flipkart.FilterDesktops" name="validate_Filtered_Data" time="0.164"/>
  <testcase classname="com.flipkart.FilterDesktops" name="scroll_To_Brand" time="2.769"/>
  <testcase classname="com.flipkart.FilterDesktops" name="search_Desktop" time="15.270"/>
  <testcase classname="com.flipkart.FilterDesktops" name="check_Hp_Brand" time="0.258"/>
  <testcase classname="com.flipkart.FilterDesktops" name="get_Filtered_Hp_Desktops" time="6.108"/>
</testsuite> <!-- com.flipkart.FilterDesktops -->
